This file contains any messages produced by compilers while
running configure, to aid debugging if configure makes a mistake.

It was created by Pico Technology PicoScope 2000 Series (A API) Example configure 1.0.0, which was
generated by GNU Autoconf 2.69.  Invocation command line was

  $ ./configure --enable-silent-rules --prefix=/opt/picoscope CFLAGS=-Wl,-s -O2 -w -DNDEBUG CXXFLAGS=-Wl,-s -O2 -w -DNDEBUG --no-create --no-recursion

## --------- ##
## Platform. ##
## --------- ##

hostname = DietPi
uname -m = armv7l
uname -r = 5.10.17-v7+
uname -s = Linux
uname -v = #1403 SMP Mon Feb 22 11:29:51 GMT 2021

/usr/bin/uname -p = unknown
/bin/uname -X     = unknown

/bin/arch              = armv7l
/usr/bin/arch -k       = unknown
/usr/convex/getsysinfo = unknown
/usr/bin/hostinfo      = unknown
/bin/machine           = unknown
/usr/bin/oslevel       = unknown
/bin/universe          = unknown

PATH: /home/dietpi/.vscode-server/bin/622cb03f7e070a9670c94bae1a45d78d7181fbd4/bin
PATH: /usr/local/bin
PATH: /usr/bin
PATH: /bin
PATH: /usr/local/games
PATH: /usr/games


## ----------- ##
## Core tests. ##
## ----------- ##

configure:2470: checking for a BSD-compatible install
configure:2538: result: /usr/bin/install -c
configure:2549: checking whether build environment is sane
configure:2604: result: yes
configure:2753: checking for a thread-safe mkdir -p
configure:2792: result: /usr/bin/mkdir -p
configure:2799: checking for gawk
configure:2829: result: no
configure:2799: checking for mawk
configure:2815: found /usr/bin/mawk
configure:2826: result: mawk
configure:2837: checking whether make sets $(MAKE)
configure:2859: result: yes
configure:2888: checking whether make supports nested variables
configure:2905: result: yes
configure:3148: checking for g++
configure:3164: found /usr/bin/g++
configure:3175: result: g++
configure:3202: checking for C++ compiler version
configure:3211: g++ --version >&5
g++ (Raspbian 8.3.0-6+rpi1) 8.3.0
Copyright (C) 2018 Free Software Foundation, Inc.
This is free software; see the source for copying conditions.  There is NO
warranty; not even for MERCHANTABILITY or FITNESS FOR A PARTICULAR PURPOSE.

configure:3222: $? = 0
configure:3211: g++ -v >&5
Using built-in specs.
COLLECT_GCC=g++
COLLECT_LTO_WRAPPER=/usr/lib/gcc/arm-linux-gnueabihf/8/lto-wrapper
Target: arm-linux-gnueabihf
Configured with: ../src/configure -v --with-pkgversion='Raspbian 8.3.0-6+rpi1' --with-bugurl=file:///usr/share/doc/gcc-8/README.Bugs --enable-languages=c,ada,c++,go,d,fortran,objc,obj-c++ --prefix=/usr --with-gcc-major-version-only --program-suffix=-8 --program-prefix=arm-linux-gnueabihf- --enable-shared --enable-linker-build-id --libexecdir=/usr/lib --without-included-gettext --enable-threads=posix --libdir=/usr/lib --enable-nls --enable-bootstrap --enable-clocale=gnu --enable-libstdcxx-debug --enable-libstdcxx-time=yes --with-default-libstdcxx-abi=new --enable-gnu-unique-object --disable-libitm --disable-libquadmath --disable-libquadmath-support --enable-plugin --with-system-zlib --with-target-system-zlib --enable-objc-gc=auto --enable-multiarch --disable-sjlj-exceptions --with-arch=armv6 --with-fpu=vfp --with-float=hard --disable-werror --enable-checking=release --build=arm-linux-gnueabihf --host=arm-linux-gnueabihf --target=arm-linux-gnueabihf
Thread model: posix
gcc version 8.3.0 (Raspbian 8.3.0-6+rpi1) 
configure:3222: $? = 0
configure:3211: g++ -V >&5
g++: error: unrecognized command line option '-V'
g++: fatal error: no input files
compilation terminated.
configure:3222: $? = 1
configure:3211: g++ -qversion >&5
g++: error: unrecognized command line option '-qversion'; did you mean '--version'?
g++: fatal error: no input files
compilation terminated.
configure:3222: $? = 1
configure:3242: checking whether the C++ compiler works
configure:3264: g++ -Wl,-s -O2 -w -DNDEBUG   conftest.cpp  >&5
configure:3268: $? = 0
configure:3316: result: yes
configure:3319: checking for C++ compiler default output file name
configure:3321: result: a.out
configure:3327: checking for suffix of executables
configure:3334: g++ -o conftest -Wl,-s -O2 -w -DNDEBUG   conftest.cpp  >&5
configure:3338: $? = 0
configure:3360: result: 
configure:3382: checking whether we are cross compiling
configure:3390: g++ -o conftest -Wl,-s -O2 -w -DNDEBUG   conftest.cpp  >&5
configure:3394: $? = 0
configure:3401: ./conftest
configure:3405: $? = 0
configure:3393: result: no
configure:3398: checking for suffix of object files
configure:3420: g++ -c -Wl,-s -O2 -w -DNDEBUG  conftest.cpp >&5
configure:3424: $? = 0
configure:3445: result: o
configure:3449: checking whether we are using the GNU C++ compiler
configure:3468: g++ -c -Wl,-s -O2 -w -DNDEBUG  conftest.cpp >&5
configure:3468: $? = 0
configure:3477: result: yes
configure:3486: checking whether g++ accepts -g
configure:3506: g++ -c -g  conftest.cpp >&5
configure:3506: $? = 0
configure:3547: result: yes
configure:3573: checking whether make supports the include directive
configure:3588: make -f confmf.GNU && cat confinc.out
make[1]: Entering directory '/home/dietpi/IntegrationSphere/ReadCP/linux-build-files/seondV'
make[1]: Leaving directory '/home/dietpi/IntegrationSphere/ReadCP/linux-build-files/seondV'
this is the am__doit target
configure:3591: $? = 0
configure:3610: result: yes (GNU style)
configure:3635: checking dependency style of g++
configure:3746: result: gcc3
configure:3762: checking whether make sets $(MAKE)
configure:3784: result: yes
configure:3822: checking build system type
configure:3836: result: armv7l-unknown-linux-gnueabihf
configure:3856: checking host system type
configure:3869: result: armv7l-unknown-linux-gnueabihf
configure:3910: checking how to print strings
configure:3937: result: printf
configure:4006: checking for gcc
configure:4022: found /usr/bin/gcc
configure:4033: result: gcc
configure:4262: checking for C compiler version
configure:4271: gcc --version >&5
gcc (Raspbian 8.3.0-6+rpi1) 8.3.0
Copyright (C) 2018 Free Software Foundation, Inc.
This is free software; see the source for copying conditions.  There is NO
warranty; not even for MERCHANTABILITY or FITNESS FOR A PARTICULAR PURPOSE.

configure:4282: $? = 0
configure:4271: gcc -v >&5
Using built-in specs.
COLLECT_GCC=gcc
COLLECT_LTO_WRAPPER=/usr/lib/gcc/arm-linux-gnueabihf/8/lto-wrapper
Target: arm-linux-gnueabihf
Configured with: ../src/configure -v --with-pkgversion='Raspbian 8.3.0-6+rpi1' --with-bugurl=file:///usr/share/doc/gcc-8/README.Bugs --enable-languages=c,ada,c++,go,d,fortran,objc,obj-c++ --prefix=/usr --with-gcc-major-version-only --program-suffix=-8 --program-prefix=arm-linux-gnueabihf- --enable-shared --enable-linker-build-id --libexecdir=/usr/lib --without-included-gettext --enable-threads=posix --libdir=/usr/lib --enable-nls --enable-bootstrap --enable-clocale=gnu --enable-libstdcxx-debug --enable-libstdcxx-time=yes --with-default-libstdcxx-abi=new --enable-gnu-unique-object --disable-libitm --disable-libquadmath --disable-libquadmath-support --enable-plugin --with-system-zlib --with-target-system-zlib --enable-objc-gc=auto --enable-multiarch --disable-sjlj-exceptions --with-arch=armv6 --with-fpu=vfp --with-float=hard --disable-werror --enable-checking=release --build=arm-linux-gnueabihf --host=arm-linux-gnueabihf --target=arm-linux-gnueabihf
Thread model: posix
gcc version 8.3.0 (Raspbian 8.3.0-6+rpi1) 
configure:4282: $? = 0
configure:4271: gcc -V >&5
gcc: error: unrecognized command line option '-V'
gcc: fatal error: no input files
compilation terminated.
configure:4282: $? = 1
configure:4271: gcc -qversion >&5
gcc: error: unrecognized command line option '-qversion'; did you mean '--version'?
gcc: fatal error: no input files
compilation terminated.
configure:4282: $? = 1
configure:4286: checking whether we are using the GNU C compiler
configure:4305: gcc -c -Wl,-s -O2 -w -DNDEBUG  conftest.c >&5
configure:4305: $? = 0
configure:4314: result: yes
configure:4323: checking whether gcc accepts -g
configure:4343: gcc -c -g  conftest.c >&5
configure:4343: $? = 0
configure:4384: result: yes
configure:4401: checking for gcc option to accept ISO C89
configure:4464: gcc  -c -Wl,-s -O2 -w -DNDEBUG  conftest.c >&5
configure:4464: $? = 0
configure:4477: result: none needed
configure:4502: checking whether gcc understands -c and -o together
configure:4524: gcc -c conftest.c -o conftest2.o
configure:4527: $? = 0
configure:4524: gcc -c conftest.c -o conftest2.o
configure:4527: $? = 0
configure:4539: result: yes
configure:4558: checking dependency style of gcc
configure:4669: result: gcc3
configure:4684: checking for a sed that does not truncate output
configure:4748: result: /usr/bin/sed
configure:4766: checking for grep that handles long lines and -e
configure:4824: result: /usr/bin/grep
configure:4829: checking for egrep
configure:4891: result: /usr/bin/grep -E
configure:4896: checking for fgrep
configure:4958: result: /usr/bin/grep -F
configure:4993: checking for ld used by gcc
configure:5060: result: /usr/bin/ld
configure:5067: checking if the linker (/usr/bin/ld) is GNU ld
configure:5082: result: yes
configure:5094: checking for BSD- or MS-compatible name lister (nm)
configure:5148: result: /usr/bin/nm -B
configure:5278: checking the name lister (/usr/bin/nm -B) interface
configure:5285: gcc -c -Wl,-s -O2 -w -DNDEBUG  conftest.c >&5
configure:5288: /usr/bin/nm -B "conftest.o"
configure:5291: output
00000000 B some_variable
configure:5292: result: BSD nm
configure:5295: checking whether ln -s works
configure:5299: result: yes
configure:5307: checking the maximum length of command line arguments
configure:5438: result: 1572864
configure:5486: checking how to convert armv7l-unknown-linux-gnueabihf file names to armv7l-unknown-linux-gnueabihf format
configure:5526: result: func_convert_file_noop
configure:5533: checking how to convert armv7l-unknown-linux-gnueabihf file names to toolchain format
configure:5553: result: func_convert_file_noop
configure:5560: checking for /usr/bin/ld option to reload object files
configure:5567: result: -r
configure:5641: checking for objdump
configure:5657: found /usr/bin/objdump
configure:5668: result: objdump
configure:5700: checking how to recognize dependent libraries
configure:5900: result: pass_all
configure:5985: checking for dlltool
configure:6015: result: no
configure:6045: checking how to associate runtime and link libraries
configure:6072: result: printf %s\n
configure:6133: checking for ar
configure:6149: found /usr/bin/ar
configure:6160: result: ar
configure:6197: checking for archiver @FILE support
configure:6214: gcc -c -Wl,-s -O2 -w -DNDEBUG  conftest.c >&5
configure:6214: $? = 0
configure:6217: ar cru libconftest.a @conftest.lst >&5
ar: `u' modifier ignored since `D' is the default (see `U')
configure:6220: $? = 0
configure:6225: ar cru libconftest.a @conftest.lst >&5
ar: `u' modifier ignored since `D' is the default (see `U')
ar: conftest.o: No such file or directory
configure:6228: $? = 1
configure:6227: result: @
configure:6285: checking for strip
configure:6301: found /usr/bin/strip
configure:6312: result: strip
configure:6384: checking for ranlib
configure:6400: found /usr/bin/ranlib
configure:6411: result: ranlib
configure:6513: checking command to parse /usr/bin/nm -B output from gcc object
configure:6666: gcc -c -Wl,-s -O2 -w -DNDEBUG  conftest.c >&5
configure:6669: $? = 0
configure:6673: /usr/bin/nm -B conftest.o | sed -n -e 's/^.*[	 ]\([ABCDGIRSTW][ABCDGIRSTW]*\)[	 ][	 ]*\([_A-Za-z][_A-Za-z0-9]*\)$/\1 \2 \2/p' | sed '/ __gnu_lto/d' > conftest.nm
configure:6739: gcc -o conftest -Wl,-s -O2 -w -DNDEBUG   conftest.c conftstm.o >&5
configure:6742: $? = 0
configure:6780: result: ok
configure:6827: checking for sysroot
configure:6857: result: no
configure:6864: checking for a working dd
configure:6902: result: /usr/bin/dd
configure:6906: checking how to truncate binary pipes
configure:6921: result: /usr/bin/dd bs=4096 count=1
configure:7250: checking for mt
configure:7280: result: no
configure:7300: checking if : is a manifest tool
configure:7306: : '-?'
configure:7314: result: no
configure:7991: checking how to run the C preprocessor
configure:8022: gcc -E  conftest.c
configure:8022: $? = 0
configure:8036: gcc -E  conftest.c
conftest.c:14:10: fatal error: ac_nonexistent.h: No such file or directory
 #include <ac_nonexistent.h>
          ^~~~~~~~~~~~~~~~~~
compilation terminated.
configure:8036: $? = 1
configure: failed program was:
| /* confdefs.h */
| #define PACKAGE_NAME "Pico Technology PicoScope 2000 Series (A API) Example"
| #define PACKAGE_TARNAME "ps2000aCon"
| #define PACKAGE_VERSION "1.0.0"
| #define PACKAGE_STRING "Pico Technology PicoScope 2000 Series (A API) Example 1.0.0"
| #define PACKAGE_BUGREPORT "support@picotech.com"
| #define PACKAGE_URL ""
| #define PACKAGE "ps2000aCon"
| #define VERSION "1.0.0"
| #define LIBTOOL_VERSION_MAJOR VERSION
| #define LIBTOOL_VERSION_MINOR N
| #define LIBTOOL_VERSION_POINT 
| /* end confdefs.h.  */
| #include <ac_nonexistent.h>
configure:8061: result: gcc -E
configure:8081: gcc -E  conftest.c
configure:8081: $? = 0
configure:8095: gcc -E  conftest.c
conftest.c:14:10: fatal error: ac_nonexistent.h: No such file or directory
 #include <ac_nonexistent.h>
          ^~~~~~~~~~~~~~~~~~
compilation terminated.
configure:8095: $? = 1
configure: failed program was:
| /* confdefs.h */
| #define PACKAGE_NAME "Pico Technology PicoScope 2000 Series (A API) Example"
| #define PACKAGE_TARNAME "ps2000aCon"
| #define PACKAGE_VERSION "1.0.0"
| #define PACKAGE_STRING "Pico Technology PicoScope 2000 Series (A API) Example 1.0.0"
| #define PACKAGE_BUGREPORT "support@picotech.com"
| #define PACKAGE_URL ""
| #define PACKAGE "ps2000aCon"
| #define VERSION "1.0.0"
| #define LIBTOOL_VERSION_MAJOR VERSION
| #define LIBTOOL_VERSION_MINOR N
| #define LIBTOOL_VERSION_POINT 
| /* end confdefs.h.  */
| #include <ac_nonexistent.h>
configure:8124: checking for ANSI C header files
configure:8144: gcc -c -Wl,-s -O2 -w -DNDEBUG  conftest.c >&5
configure:8144: $? = 0
configure:8217: gcc -o conftest -Wl,-s -O2 -w -DNDEBUG   conftest.c  >&5
configure:8217: $? = 0
configure:8217: ./conftest
configure:8217: $? = 0
configure:8228: result: yes
configure:8241: checking for sys/types.h
configure:8241: gcc -c -Wl,-s -O2 -w -DNDEBUG  conftest.c >&5
configure:8241: $? = 0
configure:8241: result: yes
configure:8241: checking for sys/stat.h
configure:8241: gcc -c -Wl,-s -O2 -w -DNDEBUG  conftest.c >&5
configure:8241: $? = 0
configure:8241: result: yes
configure:8241: checking for stdlib.h
configure:8241: gcc -c -Wl,-s -O2 -w -DNDEBUG  conftest.c >&5
configure:8241: $? = 0
configure:8241: result: yes
configure:8241: checking for string.h
configure:8241: gcc -c -Wl,-s -O2 -w -DNDEBUG  conftest.c >&5
configure:8241: $? = 0
configure:8241: result: yes
configure:8241: checking for memory.h
configure:8241: gcc -c -Wl,-s -O2 -w -DNDEBUG  conftest.c >&5
configure:8241: $? = 0
configure:8241: result: yes
configure:8241: checking for strings.h
configure:8241: gcc -c -Wl,-s -O2 -w -DNDEBUG  conftest.c >&5
configure:8241: $? = 0
configure:8241: result: yes
configure:8241: checking for inttypes.h
configure:8241: gcc -c -Wl,-s -O2 -w -DNDEBUG  conftest.c >&5
configure:8241: $? = 0
configure:8241: result: yes
configure:8241: checking for stdint.h
configure:8241: gcc -c -Wl,-s -O2 -w -DNDEBUG  conftest.c >&5
configure:8241: $? = 0
configure:8241: result: yes
configure:8241: checking for unistd.h
configure:8241: gcc -c -Wl,-s -O2 -w -DNDEBUG  conftest.c >&5
configure:8241: $? = 0
configure:8241: result: yes
configure:8255: checking for dlfcn.h
configure:8255: gcc -c -Wl,-s -O2 -w -DNDEBUG  conftest.c >&5
configure:8255: $? = 0
configure:8255: result: yes
configure:8492: checking for objdir
configure:8507: result: .libs
configure:8767: checking if gcc supports -fno-rtti -fno-exceptions
configure:8785: gcc -c -Wl,-s -O2 -w -DNDEBUG  -fno-rtti -fno-exceptions conftest.c >&5
configure:8789: $? = 0
configure:8802: result: yes
configure:9160: checking for gcc option to produce PIC
configure:9167: result: -fPIC -DPIC
configure:9175: checking if gcc PIC flag -fPIC -DPIC works
configure:9193: gcc -c -Wl,-s -O2 -w -DNDEBUG  -fPIC -DPIC -DPIC conftest.c >&5
configure:9197: $? = 0
configure:9210: result: yes
configure:9239: checking if gcc static flag -static works
configure:9267: result: yes
configure:9282: checking if gcc supports -c -o file.o
configure:9303: gcc -c -Wl,-s -O2 -w -DNDEBUG  -o out/conftest2.o conftest.c >&5
configure:9307: $? = 0
configure:9329: result: yes
configure:9337: checking if gcc supports -c -o file.o
configure:9384: result: yes
configure:9417: checking whether the gcc linker (/usr/bin/ld) supports shared libraries
configure:10680: result: yes
configure:10717: checking whether -lc should be explicitly linked in
configure:10725: gcc -c -Wl,-s -O2 -w -DNDEBUG  conftest.c >&5
configure:10728: $? = 0
configure:10743: gcc -shared  -fPIC -DPIC conftest.o  -v -Wl,-soname -Wl,conftest -o conftest 2\>\&1 \| /usr/bin/grep  -lc  \>/dev/null 2\>\&1
configure:10746: $? = 0
configure:10760: result: no
configure:10920: checking dynamic linker characteristics
configure:11501: gcc -o conftest -Wl,-s -O2 -w -DNDEBUG   -Wl,-rpath -Wl,/foo conftest.c  >&5
configure:11501: $? = 0
configure:11750: result: GNU/Linux ld.so
configure:11872: checking how to hardcode library paths into programs
configure:11897: result: immediate
configure:12445: checking whether stripping libraries is possible
configure:12450: result: yes
configure:12485: checking if libtool supports shared libraries
configure:12487: result: yes
configure:12490: checking whether to build shared libraries
configure:12515: result: yes
configure:12518: checking whether to build static libraries
configure:12522: result: no
configure:9321: checking how to run the C++ preprocessor
configure:9348: g++ -E  conftest.cpp
configure:9348: $? = 0
configure:9362: g++ -E  conftest.cpp
conftest.cpp:26:10: fatal error: ac_nonexistent.h: No such file or directory
 #include <ac_nonexistent.h>
          ^~~~~~~~~~~~~~~~~~
compilation terminated.
configure:9362: $? = 1
configure: failed program was:
| /* confdefs.h */
| #define PACKAGE_NAME "Pico Technology PicoScope 2000 Series (A API) Example"
| #define PACKAGE_TARNAME "ps2000aCon"
| #define PACKAGE_VERSION "1.0.0"
| #define PACKAGE_STRING "Pico Technology PicoScope 2000 Series (A API) Example 1.0.0"
| #define PACKAGE_BUGREPORT "support@picotech.com"
| #define PACKAGE_URL ""
| #define PACKAGE "ps2000aCon"
| #define VERSION "1.0.0"
| #define LIBTOOL_VERSION_MAJOR VERSION
| #define LIBTOOL_VERSION_MINOR N
| #define LIBTOOL_VERSION_POINT 
| #define STDC_HEADERS 1
| #define HAVE_SYS_TYPES_H 1
| #define HAVE_SYS_STAT_H 1
| #define HAVE_STDLIB_H 1
| #define HAVE_STRING_H 1
| #define HAVE_MEMORY_H 1
| #define HAVE_STRINGS_H 1
| #define HAVE_INTTYPES_H 1
| #define HAVE_STDINT_H 1
| #define HAVE_UNISTD_H 1
| #define HAVE_DLFCN_H 1
| #define LT_OBJDIR ".libs/"
| /* end confdefs.h.  */
| #include <ac_nonexistent.h>
configure:9387: result: g++ -E
configure:9407: g++ -E  conftest.cpp
configure:9407: $? = 0
configure:9421: g++ -E  conftest.cpp
conftest.cpp:26:10: fatal error: ac_nonexistent.h: No such file or directory
 #include <ac_nonexistent.h>
          ^~~~~~~~~~~~~~~~~~
compilation terminated.
configure:9421: $? = 1
configure: failed program was:
| /* confdefs.h */
| #define PACKAGE_NAME "Pico Technology PicoScope 2000 Series (A API) Example"
| #define PACKAGE_TARNAME "ps2000aCon"
| #define PACKAGE_VERSION "1.0.0"
| #define PACKAGE_STRING "Pico Technology PicoScope 2000 Series (A API) Example 1.0.0"
| #define PACKAGE_BUGREPORT "support@picotech.com"
| #define PACKAGE_URL ""
| #define PACKAGE "ps2000aCon"
| #define VERSION "1.0.0"
| #define LIBTOOL_VERSION_MAJOR VERSION
| #define LIBTOOL_VERSION_MINOR N
| #define LIBTOOL_VERSION_POINT 
| #define STDC_HEADERS 1
| #define HAVE_SYS_TYPES_H 1
| #define HAVE_SYS_STAT_H 1
| #define HAVE_STDLIB_H 1
| #define HAVE_STRING_H 1
| #define HAVE_MEMORY_H 1
| #define HAVE_STRINGS_H 1
| #define HAVE_INTTYPES_H 1
| #define HAVE_STDINT_H 1
| #define HAVE_UNISTD_H 1
| #define HAVE_DLFCN_H 1
| #define LT_OBJDIR ".libs/"
| /* end confdefs.h.  */
| #include <ac_nonexistent.h>
configure:9583: checking for ld used by g++
configure:9650: result: /usr/bin/ld
configure:9657: checking if the linker (/usr/bin/ld) is GNU ld
configure:9672: result: yes
configure:9727: checking whether the g++ linker (/usr/bin/ld) supports shared libraries
configure:10800: result: yes
configure:10836: g++ -c -Wl,-s -O2 -w -DNDEBUG  conftest.cpp >&5
configure:10839: $? = 0
configure:11320: checking for g++ option to produce PIC
configure:11327: result: -fPIC -DPIC
configure:11335: checking if g++ PIC flag -fPIC -DPIC works
configure:11353: g++ -c -Wl,-s -O2 -w -DNDEBUG  -fPIC -DPIC -DPIC conftest.cpp >&5
configure:11357: $? = 0
configure:11370: result: yes
configure:11393: checking if g++ static flag -static works
configure:11421: result: yes
configure:11433: checking if g++ supports -c -o file.o
configure:11454: g++ -c -Wl,-s -O2 -w -DNDEBUG  -o out/conftest2.o conftest.cpp >&5
configure:11458: $? = 0
configure:11480: result: yes
configure:11485: checking if g++ supports -c -o file.o
configure:11532: result: yes
configure:11562: checking whether the g++ linker (/usr/bin/ld) supports shared libraries
configure:11605: result: yes
configure:11746: checking dynamic linker characteristics
configure:12503: result: GNU/Linux ld.so
configure:12568: checking how to hardcode library paths into programs
configure:12593: result: immediate
configure:11486: checking operating system
configure:11494: result: Linux
configure:11545: checking whether make supports nested variables
configure:11562: result: yes
configure:11619: checking for pthread_atfork in -lpthread
configure:11644: gcc -o conftest -Wl,-s -O2 -w -DNDEBUG   conftest.c -lpthread   >&5
configure:11644: $? = 0
configure:11653: result: yes
configure:11681: checking for ps2000aOpenUnit in -lps2000a
configure:11706: gcc -o conftest -Wl,-s -O2 -w -DNDEBUG   -Wl,-u,pthread_atfork -L/opt/picoscope/lib conftest.c -lps2000a  -lpthread  >&5
configure:11706: $? = 0
configure:11715: result: yes
configure:11730: checking for ANSI C header files
configure:11834: result: yes
configure:11857: checking stdio.h usability
configure:11857: gcc -c -Wl,-s -O2 -w -DNDEBUG -I/opt/picoscope/include -Wl,-s -O2 -w -DNDEBUG -I/opt/picoscope/include conftest.c >&5
configure:11857: $? = 0
configure:11857: result: yes
configure:11857: checking stdio.h presence
configure:11857: gcc -E -Wl,-s -O2 -w -DNDEBUG -I/opt/picoscope/include conftest.c
configure:11857: $? = 0
configure:11857: result: yes
configure:11857: checking for stdio.h
configure:11857: result: yes
configure:11857: checking for sys/types.h
configure:11857: result: yes
configure:11857: checking for string.h
configure:11857: result: yes
configure:11857: checking termios.h usability
configure:11857: gcc -c -Wl,-s -O2 -w -DNDEBUG -I/opt/picoscope/include -Wl,-s -O2 -w -DNDEBUG -I/opt/picoscope/include conftest.c >&5
configure:11857: $? = 0
configure:11857: result: yes
configure:11857: checking termios.h presence
configure:11857: gcc -E -Wl,-s -O2 -w -DNDEBUG -I/opt/picoscope/include conftest.c
configure:11857: $? = 0
configure:11857: result: yes
configure:11857: checking for termios.h
configure:11857: result: yes
configure:11857: checking sys/ioctl.h usability
configure:11857: gcc -c -Wl,-s -O2 -w -DNDEBUG -I/opt/picoscope/include -Wl,-s -O2 -w -DNDEBUG -I/opt/picoscope/include conftest.c >&5
configure:11857: $? = 0
configure:11857: result: yes
configure:11857: checking sys/ioctl.h presence
configure:11857: gcc -E -Wl,-s -O2 -w -DNDEBUG -I/opt/picoscope/include conftest.c
configure:11857: $? = 0
configure:11857: result: yes
configure:11857: checking for sys/ioctl.h
configure:11857: result: yes
configure:11857: checking for sys/types.h
configure:11857: result: yes
configure:11857: checking for unistd.h
configure:11857: result: yes
configure:11857: checking for stdlib.h
configure:11857: result: yes
configure:11857: checking libps2000a/ps2000aApi.h usability
configure:11857: gcc -c -Wl,-s -O2 -w -DNDEBUG -I/opt/picoscope/include -Wl,-s -O2 -w -DNDEBUG -I/opt/picoscope/include conftest.c >&5
configure:11857: $? = 0
configure:11857: result: yes
configure:11857: checking libps2000a/ps2000aApi.h presence
configure:11857: gcc -E -Wl,-s -O2 -w -DNDEBUG -I/opt/picoscope/include conftest.c
configure:11857: $? = 0
configure:11857: result: yes
configure:11857: checking for libps2000a/ps2000aApi.h
configure:11857: result: yes
configure:11857: checking libps2000a/PicoStatus.h usability
configure:11857: gcc -c -Wl,-s -O2 -w -DNDEBUG -I/opt/picoscope/include -Wl,-s -O2 -w -DNDEBUG -I/opt/picoscope/include conftest.c >&5
configure:11857: $? = 0
configure:11857: result: yes
configure:11857: checking libps2000a/PicoStatus.h presence
configure:11857: gcc -E -Wl,-s -O2 -w -DNDEBUG -I/opt/picoscope/include conftest.c
configure:11857: $? = 0
configure:11857: result: yes
configure:11857: checking for libps2000a/PicoStatus.h
configure:11857: result: yes
configure:11879: checking for an ANSI C-conforming const
configure:11945: gcc -c -Wl,-s -O2 -w -DNDEBUG -I/opt/picoscope/include -Wl,-s -O2 -w -DNDEBUG -I/opt/picoscope/include conftest.c >&5
configure:11945: $? = 0
configure:11952: result: yes
configure:11960: checking for inline
configure:11976: gcc -c -Wl,-s -O2 -w -DNDEBUG -I/opt/picoscope/include -Wl,-s -O2 -w -DNDEBUG -I/opt/picoscope/include conftest.c >&5
configure:11976: $? = 0
configure:11984: result: inline
configure:12002: checking for working volatile
configure:12021: gcc -c -Wl,-s -O2 -w -DNDEBUG -I/opt/picoscope/include -Wl,-s -O2 -w -DNDEBUG -I/opt/picoscope/include conftest.c >&5
configure:12021: $? = 0
configure:12028: result: yes
configure:12036: checking for pid_t
configure:12036: gcc -c -Wl,-s -O2 -w -DNDEBUG -I/opt/picoscope/include -Wl,-s -O2 -w -DNDEBUG -I/opt/picoscope/include conftest.c >&5
configure:12036: $? = 0
configure:12036: gcc -c -Wl,-s -O2 -w -DNDEBUG -I/opt/picoscope/include -Wl,-s -O2 -w -DNDEBUG -I/opt/picoscope/include conftest.c >&5
conftest.c: In function 'main':
conftest.c:76:20: error: expected expression before ')' token
 if (sizeof ((pid_t)))
                    ^
configure:12036: $? = 1
configure: failed program was:
| /* confdefs.h */
| #define PACKAGE_NAME "Pico Technology PicoScope 2000 Series (A API) Example"
| #define PACKAGE_TARNAME "ps2000aCon"
| #define PACKAGE_VERSION "1.0.0"
| #define PACKAGE_STRING "Pico Technology PicoScope 2000 Series (A API) Example 1.0.0"
| #define PACKAGE_BUGREPORT "support@picotech.com"
| #define PACKAGE_URL ""
| #define PACKAGE "ps2000aCon"
| #define VERSION "1.0.0"
| #define LIBTOOL_VERSION_MAJOR VERSION
| #define LIBTOOL_VERSION_MINOR N
| #define LIBTOOL_VERSION_POINT 
| #define STDC_HEADERS 1
| #define HAVE_SYS_TYPES_H 1
| #define HAVE_SYS_STAT_H 1
| #define HAVE_STDLIB_H 1
| #define HAVE_STRING_H 1
| #define HAVE_MEMORY_H 1
| #define HAVE_STRINGS_H 1
| #define HAVE_INTTYPES_H 1
| #define HAVE_STDINT_H 1
| #define HAVE_UNISTD_H 1
| #define HAVE_DLFCN_H 1
| #define LT_OBJDIR ".libs/"
| #define OS_LINUX /**/
| #define HAVE_LIBPTHREAD 1
| #define HAVE_LIBPS2000A 1
| #define STDC_HEADERS 1
| #define HAVE_STDIO_H 1
| #define HAVE_SYS_TYPES_H 1
| #define HAVE_STRING_H 1
| #define HAVE_TERMIOS_H 1
| #define HAVE_SYS_IOCTL_H 1
| #define HAVE_SYS_TYPES_H 1
| #define HAVE_UNISTD_H 1
| #define HAVE_STDLIB_H 1
| #define HAVE_LIBPS2000A_PS2000AAPI_H 1
| #define HAVE_LIBPS2000A_PICOSTATUS_H 1
| /* end confdefs.h.  */
| #include <stdio.h>
| #ifdef HAVE_SYS_TYPES_H
| # include <sys/types.h>
| #endif
| #ifdef HAVE_SYS_STAT_H
| # include <sys/stat.h>
| #endif
| #ifdef STDC_HEADERS
| # include <stdlib.h>
| # include <stddef.h>
| #else
| # ifdef HAVE_STDLIB_H
| #  include <stdlib.h>
| # endif
| #endif
| #ifdef HAVE_STRING_H
| # if !defined STDC_HEADERS && defined HAVE_MEMORY_H
| #  include <memory.h>
| # endif
| # include <string.h>
| #endif
| #ifdef HAVE_STRINGS_H
| # include <strings.h>
| #endif
| #ifdef HAVE_INTTYPES_H
| # include <inttypes.h>
| #endif
| #ifdef HAVE_STDINT_H
| # include <stdint.h>
| #endif
| #ifdef HAVE_UNISTD_H
| # include <unistd.h>
| #endif
| int
| main ()
| {
| if (sizeof ((pid_t)))
| 	    return 0;
|   ;
|   return 0;
| }
configure:12036: result: yes
configure:12047: checking for size_t
configure:12047: gcc -c -Wl,-s -O2 -w -DNDEBUG -I/opt/picoscope/include -Wl,-s -O2 -w -DNDEBUG -I/opt/picoscope/include conftest.c >&5
configure:12047: $? = 0
configure:12047: gcc -c -Wl,-s -O2 -w -DNDEBUG -I/opt/picoscope/include -Wl,-s -O2 -w -DNDEBUG -I/opt/picoscope/include conftest.c >&5
conftest.c: In function 'main':
conftest.c:76:21: error: expected expression before ')' token
 if (sizeof ((size_t)))
                     ^
configure:12047: $? = 1
configure: failed program was:
| /* confdefs.h */
| #define PACKAGE_NAME "Pico Technology PicoScope 2000 Series (A API) Example"
| #define PACKAGE_TARNAME "ps2000aCon"
| #define PACKAGE_VERSION "1.0.0"
| #define PACKAGE_STRING "Pico Technology PicoScope 2000 Series (A API) Example 1.0.0"
| #define PACKAGE_BUGREPORT "support@picotech.com"
| #define PACKAGE_URL ""
| #define PACKAGE "ps2000aCon"
| #define VERSION "1.0.0"
| #define LIBTOOL_VERSION_MAJOR VERSION
| #define LIBTOOL_VERSION_MINOR N
| #define LIBTOOL_VERSION_POINT 
| #define STDC_HEADERS 1
| #define HAVE_SYS_TYPES_H 1
| #define HAVE_SYS_STAT_H 1
| #define HAVE_STDLIB_H 1
| #define HAVE_STRING_H 1
| #define HAVE_MEMORY_H 1
| #define HAVE_STRINGS_H 1
| #define HAVE_INTTYPES_H 1
| #define HAVE_STDINT_H 1
| #define HAVE_UNISTD_H 1
| #define HAVE_DLFCN_H 1
| #define LT_OBJDIR ".libs/"
| #define OS_LINUX /**/
| #define HAVE_LIBPTHREAD 1
| #define HAVE_LIBPS2000A 1
| #define STDC_HEADERS 1
| #define HAVE_STDIO_H 1
| #define HAVE_SYS_TYPES_H 1
| #define HAVE_STRING_H 1
| #define HAVE_TERMIOS_H 1
| #define HAVE_SYS_IOCTL_H 1
| #define HAVE_SYS_TYPES_H 1
| #define HAVE_UNISTD_H 1
| #define HAVE_STDLIB_H 1
| #define HAVE_LIBPS2000A_PS2000AAPI_H 1
| #define HAVE_LIBPS2000A_PICOSTATUS_H 1
| /* end confdefs.h.  */
| #include <stdio.h>
| #ifdef HAVE_SYS_TYPES_H
| # include <sys/types.h>
| #endif
| #ifdef HAVE_SYS_STAT_H
| # include <sys/stat.h>
| #endif
| #ifdef STDC_HEADERS
| # include <stdlib.h>
| # include <stddef.h>
| #else
| # ifdef HAVE_STDLIB_H
| #  include <stdlib.h>
| # endif
| #endif
| #ifdef HAVE_STRING_H
| # if !defined STDC_HEADERS && defined HAVE_MEMORY_H
| #  include <memory.h>
| # endif
| # include <string.h>
| #endif
| #ifdef HAVE_STRINGS_H
| # include <strings.h>
| #endif
| #ifdef HAVE_INTTYPES_H
| # include <inttypes.h>
| #endif
| #ifdef HAVE_STDINT_H
| # include <stdint.h>
| #endif
| #ifdef HAVE_UNISTD_H
| # include <unistd.h>
| #endif
| int
| main ()
| {
| if (sizeof ((size_t)))
| 	    return 0;
|   ;
|   return 0;
| }
configure:12047: result: yes
configure:12163: checking that generated files are newer than configure
configure:12169: result: done
configure:12196: creating ./config.status

## ---------------- ##
## Cache variables. ##
## ---------------- ##

ac_cv_build=armv7l-unknown-linux-gnueabihf
ac_cv_c_compiler_gnu=yes
ac_cv_c_const=yes
ac_cv_c_inline=inline
ac_cv_c_volatile=yes
ac_cv_cxx_compiler_gnu=yes
ac_cv_env_CCC_set=
ac_cv_env_CCC_value=
ac_cv_env_CC_set=
ac_cv_env_CC_value=
ac_cv_env_CFLAGS_set=set
ac_cv_env_CFLAGS_value='-Wl,-s -O2 -w -DNDEBUG'
ac_cv_env_CPPFLAGS_set=
ac_cv_env_CPPFLAGS_value=
ac_cv_env_CPP_set=
ac_cv_env_CPP_value=
ac_cv_env_CXXCPP_set=
ac_cv_env_CXXCPP_value=
ac_cv_env_CXXFLAGS_set=set
ac_cv_env_CXXFLAGS_value='-Wl,-s -O2 -w -DNDEBUG'
ac_cv_env_CXX_set=
ac_cv_env_CXX_value=
ac_cv_env_LDFLAGS_set=
ac_cv_env_LDFLAGS_value=
ac_cv_env_LIBS_set=
ac_cv_env_LIBS_value=
ac_cv_env_LT_SYS_LIBRARY_PATH_set=
ac_cv_env_LT_SYS_LIBRARY_PATH_value=
ac_cv_env_build_alias_set=
ac_cv_env_build_alias_value=
ac_cv_env_host_alias_set=
ac_cv_env_host_alias_value=
ac_cv_env_target_alias_set=
ac_cv_env_target_alias_value=
ac_cv_header_dlfcn_h=yes
ac_cv_header_inttypes_h=yes
ac_cv_header_libps2000a_PicoStatus_h=yes
ac_cv_header_libps2000a_ps2000aApi_h=yes
ac_cv_header_memory_h=yes
ac_cv_header_stdc=yes
ac_cv_header_stdint_h=yes
ac_cv_header_stdio_h=yes
ac_cv_header_stdlib_h=yes
ac_cv_header_string_h=yes
ac_cv_header_strings_h=yes
ac_cv_header_sys_ioctl_h=yes
ac_cv_header_sys_stat_h=yes
ac_cv_header_sys_types_h=yes
ac_cv_header_termios_h=yes
ac_cv_header_unistd_h=yes
ac_cv_host=armv7l-unknown-linux-gnueabihf
ac_cv_lib_ps2000a_ps2000aOpenUnit=yes
ac_cv_lib_pthread_pthread_atfork=yes
ac_cv_objext=o
ac_cv_path_EGREP='/usr/bin/grep -E'
ac_cv_path_FGREP='/usr/bin/grep -F'
ac_cv_path_GREP=/usr/bin/grep
ac_cv_path_SED=/usr/bin/sed
ac_cv_path_install='/usr/bin/install -c'
ac_cv_path_lt_DD=/usr/bin/dd
ac_cv_path_mkdir=/usr/bin/mkdir
ac_cv_prog_AWK=mawk
ac_cv_prog_CPP='gcc -E'
ac_cv_prog_CXXCPP='g++ -E'
ac_cv_prog_ac_ct_AR=ar
ac_cv_prog_ac_ct_CC=gcc
ac_cv_prog_ac_ct_CXX=g++
ac_cv_prog_ac_ct_OBJDUMP=objdump
ac_cv_prog_ac_ct_RANLIB=ranlib
ac_cv_prog_ac_ct_STRIP=strip
ac_cv_prog_cc_c89=
ac_cv_prog_cc_g=yes
ac_cv_prog_cxx_g=yes
ac_cv_prog_make_make_set=yes
ac_cv_type_pid_t=yes
ac_cv_type_size_t=yes
am_cv_CC_dependencies_compiler_type=gcc3
am_cv_CXX_dependencies_compiler_type=gcc3
am_cv_make_support_nested_variables=yes
am_cv_prog_cc_c_o=yes
lt_cv_ar_at_file=@
lt_cv_archive_cmds_need_lc=no
lt_cv_deplibs_check_method=pass_all
lt_cv_file_magic_cmd='$MAGIC_CMD'
lt_cv_file_magic_test_file=
lt_cv_ld_reload_flag=-r
lt_cv_nm_interface='BSD nm'
lt_cv_objdir=.libs
lt_cv_path_LD=/usr/bin/ld
lt_cv_path_LDCXX=/usr/bin/ld
lt_cv_path_NM='/usr/bin/nm -B'
lt_cv_path_mainfest_tool=no
lt_cv_prog_compiler_c_o=yes
lt_cv_prog_compiler_c_o_CXX=yes
lt_cv_prog_compiler_pic='-fPIC -DPIC'
lt_cv_prog_compiler_pic_CXX='-fPIC -DPIC'
lt_cv_prog_compiler_pic_works=yes
lt_cv_prog_compiler_pic_works_CXX=yes
lt_cv_prog_compiler_rtti_exceptions=yes
lt_cv_prog_compiler_static_works=yes
lt_cv_prog_compiler_static_works_CXX=yes
lt_cv_prog_gnu_ld=yes
lt_cv_prog_gnu_ldcxx=yes
lt_cv_sharedlib_from_linklib_cmd='printf %s\n'
lt_cv_shlibpath_overrides_runpath=yes
lt_cv_sys_global_symbol_pipe='sed -n -e '\''s/^.*[	 ]\([ABCDGIRSTW][ABCDGIRSTW]*\)[	 ][	 ]*\([_A-Za-z][_A-Za-z0-9]*\)$/\1 \2 \2/p'\'' | sed '\''/ __gnu_lto/d'\'''
lt_cv_sys_global_symbol_to_c_name_address='sed -n -e '\''s/^: \(.*\) .*$/  {"\1", (void *) 0},/p'\'' -e '\''s/^[ABCDGIRSTW][ABCDGIRSTW]* .* \(.*\)$/  {"\1", (void *) \&\1},/p'\'''
lt_cv_sys_global_symbol_to_c_name_address_lib_prefix='sed -n -e '\''s/^: \(.*\) .*$/  {"\1", (void *) 0},/p'\'' -e '\''s/^[ABCDGIRSTW][ABCDGIRSTW]* .* \(lib.*\)$/  {"\1", (void *) \&\1},/p'\'' -e '\''s/^[ABCDGIRSTW][ABCDGIRSTW]* .* \(.*\)$/  {"lib\1", (void *) \&\1},/p'\'''
lt_cv_sys_global_symbol_to_cdecl='sed -n -e '\''s/^T .* \(.*\)$/extern int \1();/p'\'' -e '\''s/^[ABCDGIRSTW][ABCDGIRSTW]* .* \(.*\)$/extern char \1;/p'\'''
lt_cv_sys_global_symbol_to_import=
lt_cv_sys_max_cmd_len=1572864
lt_cv_to_host_file_cmd=func_convert_file_noop
lt_cv_to_tool_file_cmd=func_convert_file_noop
lt_cv_truncate_bin='/usr/bin/dd bs=4096 count=1'

## ----------------- ##
## Output variables. ##
## ----------------- ##

ACLOCAL='${SHELL} /home/dietpi/IntegrationSphere/ReadCP/linux-build-files/missing aclocal-1.16'
AMDEPBACKSLASH='\'
AMDEP_FALSE='#'
AMDEP_TRUE=''
AMTAR='$${TAR-tar}'
AM_BACKSLASH='\'
AM_DEFAULT_V='$(AM_DEFAULT_VERBOSITY)'
AM_DEFAULT_VERBOSITY='0'
AM_V='$(V)'
AR='ar'
AUTOCONF='${SHELL} /home/dietpi/IntegrationSphere/ReadCP/linux-build-files/missing autoconf'
AUTOHEADER='${SHELL} /home/dietpi/IntegrationSphere/ReadCP/linux-build-files/missing autoheader'
AUTOMAKE='${SHELL} /home/dietpi/IntegrationSphere/ReadCP/linux-build-files/missing automake-1.16'
AWK='mawk'
CC='gcc'
CCDEPMODE='depmode=gcc3'
CFLAGS='-Wl,-s -O2 -w -DNDEBUG -I/opt/picoscope/include'
CPP='gcc -E'
CPPFLAGS='-Wl,-s -O2 -w -DNDEBUG -I/opt/picoscope/include'
CXX='g++'
CXXCPP='g++ -E'
CXXDEPMODE='depmode=gcc3'
CXXFLAGS='-Wl,-s -O2 -w -DNDEBUG'
CYGPATH_W='echo'
DEFS='-DHAVE_CONFIG_H'
DEPDIR='.deps'
DLLTOOL='false'
DSYMUTIL=''
DUMPBIN=''
ECHO_C=''
ECHO_N='-n'
ECHO_T=''
EGREP='/usr/bin/grep -E'
EXEEXT=''
FGREP='/usr/bin/grep -F'
GREP='/usr/bin/grep'
INSTALL_DATA='${INSTALL} -m 644'
INSTALL_PROGRAM='${INSTALL}'
INSTALL_SCRIPT='${INSTALL}'
INSTALL_STRIP_PROGRAM='$(install_sh) -c -s'
LD='/usr/bin/ld'
LDFLAGS=' -Wl,-u,pthread_atfork -L/opt/picoscope/lib'
LIBOBJS=''
LIBS='-lps2000a -lpthread '
LIBTOOL='$(SHELL) $(top_builddir)/libtool'
LIPO=''
LN_S='ln -s'
LTLIBOBJS=''
LT_SYS_LIBRARY_PATH=''
MAKEINFO='${SHELL} /home/dietpi/IntegrationSphere/ReadCP/linux-build-files/missing makeinfo'
MANIFEST_TOOL=':'
MKDIR_P='/usr/bin/mkdir -p'
NM='/usr/bin/nm -B'
NMEDIT=''
OBJDUMP='objdump'
OBJEXT='o'
OS_DARWIN=''
OS_LINUX=''
OTOOL64=''
OTOOL=''
PACKAGE='ps2000aCon'
PACKAGE_BUGREPORT='support@picotech.com'
PACKAGE_NAME='Pico Technology PicoScope 2000 Series (A API) Example'
PACKAGE_STRING='Pico Technology PicoScope 2000 Series (A API) Example 1.0.0'
PACKAGE_TARNAME='ps2000aCon'
PACKAGE_URL=''
PACKAGE_VERSION='1.0.0'
PATH_SEPARATOR=':'
RANLIB='ranlib'
SED='/usr/bin/sed'
SET_MAKE=''
SHELL='/bin/bash'
STRIP='strip'
VERSION='1.0.0'
__APPLE__=''
ac_ct_AR='ar'
ac_ct_CC='gcc'
ac_ct_CXX='g++'
ac_ct_DUMPBIN=''
am__EXEEXT_FALSE=''
am__EXEEXT_TRUE='#'
am__fastdepCC_FALSE='#'
am__fastdepCC_TRUE=''
am__fastdepCXX_FALSE='#'
am__fastdepCXX_TRUE=''
am__include='include'
am__isrc=''
am__leading_dot='.'
am__nodep='_no'
am__quote=''
am__tar='$${TAR-tar} chof - "$$tardir"'
am__untar='$${TAR-tar} xf -'
bindir='${exec_prefix}/bin'
build='armv7l-unknown-linux-gnueabihf'
build_alias=''
build_cpu='armv7l'
build_os='linux-gnueabihf'
build_vendor='unknown'
datadir='${datarootdir}'
datarootdir='${prefix}/share'
docdir='${datarootdir}/doc/${PACKAGE_TARNAME}'
dvidir='${docdir}'
exec_prefix='${prefix}'
host='armv7l-unknown-linux-gnueabihf'
host_alias=''
host_cpu='armv7l'
host_os='linux-gnueabihf'
host_vendor='unknown'
htmldir='${docdir}'
includedir='${prefix}/include'
infodir='${datarootdir}/info'
install_sh='${SHELL} /home/dietpi/IntegrationSphere/ReadCP/linux-build-files/install-sh'
libdir='${exec_prefix}/lib'
libexecdir='${exec_prefix}/libexec'
localedir='${datarootdir}/locale'
localstatedir='${prefix}/var'
mandir='${datarootdir}/man'
mkdir_p='$(MKDIR_P)'
oldincludedir='/usr/include'
pdfdir='${docdir}'
prefix='/opt/picoscope'
program_transform_name='s,x,x,'
psdir='${docdir}'
runstatedir='${localstatedir}/run'
sbindir='${exec_prefix}/sbin'
sharedstatedir='${prefix}/com'
sysconfdir='${prefix}/etc'
target_alias=''

## ----------- ##
## confdefs.h. ##
## ----------- ##

/* confdefs.h */
#define PACKAGE_NAME "Pico Technology PicoScope 2000 Series (A API) Example"
#define PACKAGE_TARNAME "ps2000aCon"
#define PACKAGE_VERSION "1.0.0"
#define PACKAGE_STRING "Pico Technology PicoScope 2000 Series (A API) Example 1.0.0"
#define PACKAGE_BUGREPORT "support@picotech.com"
#define PACKAGE_URL ""
#define PACKAGE "ps2000aCon"
#define VERSION "1.0.0"
#define LIBTOOL_VERSION_MAJOR VERSION
#define LIBTOOL_VERSION_MINOR N
#define LIBTOOL_VERSION_POINT 
#define STDC_HEADERS 1
#define HAVE_SYS_TYPES_H 1
#define HAVE_SYS_STAT_H 1
#define HAVE_STDLIB_H 1
#define HAVE_STRING_H 1
#define HAVE_MEMORY_H 1
#define HAVE_STRINGS_H 1
#define HAVE_INTTYPES_H 1
#define HAVE_STDINT_H 1
#define HAVE_UNISTD_H 1
#define HAVE_DLFCN_H 1
#define LT_OBJDIR ".libs/"
#define OS_LINUX /**/
#define HAVE_LIBPTHREAD 1
#define HAVE_LIBPS2000A 1
#define STDC_HEADERS 1
#define HAVE_STDIO_H 1
#define HAVE_SYS_TYPES_H 1
#define HAVE_STRING_H 1
#define HAVE_TERMIOS_H 1
#define HAVE_SYS_IOCTL_H 1
#define HAVE_SYS_TYPES_H 1
#define HAVE_UNISTD_H 1
#define HAVE_STDLIB_H 1
#define HAVE_LIBPS2000A_PS2000AAPI_H 1
#define HAVE_LIBPS2000A_PICOSTATUS_H 1

configure: exit 0

## ---------------------- ##
## Running config.status. ##
## ---------------------- ##

This file was extended by Pico Technology PicoScope 2000 Series (A API) Example config.status 1.0.0, which was
generated by GNU Autoconf 2.69.  Invocation command line was

  CONFIG_FILES    = 
  CONFIG_HEADERS  = 
  CONFIG_LINKS    = 
  CONFIG_COMMANDS = 
  $ ./config.status 

on DietPi

config.status:1163: creating Makefile
config.status:1163: creating config.h
config.status:1344: config.h is unchanged
config.status:1392: executing depfiles commands
config.status:1469: cd .       && sed -e '/# am--include-marker/d' Makefile         | make -f - am--depfiles
make[1]: Entering directory '/home/dietpi/IntegrationSphere/ReadCP/linux-build-files/seondV'
make[1]: Nothing to be done for 'am--depfiles'.
make[1]: Leaving directory '/home/dietpi/IntegrationSphere/ReadCP/linux-build-files/seondV'
config.status:1474: $? = 0
config.status:1392: executing libtool commands

## ---------------------- ##
## Running config.status. ##
## ---------------------- ##

This file was extended by Pico Technology PicoScope 2000 Series (A API) Example config.status 1.0.0, which was
generated by GNU Autoconf 2.69.  Invocation command line was

  CONFIG_FILES    = 
  CONFIG_HEADERS  = 
  CONFIG_LINKS    = 
  CONFIG_COMMANDS = 
  $ ./config.status config.h

on DietPi

config.status:1163: creating config.h
config.status:1344: config.h is unchanged
